2016-09-27 12:04:41.048  INFO 5300 --- [main] com.mum.EaKitchenClientApplication       : Starting EaKitchenClientApplication on Laptop with PID 5300 (C:\Users\klaud\STS_workspace\EA\EA_Kitchen_Client\target\classes started by klaud in C:\Users\klaud\STS_workspace\EA\EA_Kitchen_Client)
2016-09-27 12:04:41.056  INFO 5300 --- [main] com.mum.EaKitchenClientApplication       : No active profile set, falling back to default profiles: default
2016-09-27 12:04:41.182  INFO 5300 --- [main] ationConfigEmbeddedWebApplicationContext : Refreshing org.springframework.boot.context.embedded.AnnotationConfigEmbeddedWebApplicationContext@49139829: startup date [Tue Sep 27 12:04:41 CDT 2016]; root of context hierarchy
2016-09-27 12:04:44.274  INFO 5300 --- [main] s.b.c.e.t.TomcatEmbeddedServletContainer : Tomcat initialized with port(s): 8080 (http)
2016-09-27 12:04:44.305  INFO 5300 --- [main] o.apache.catalina.core.StandardService   : Starting service Tomcat
2016-09-27 12:04:44.307  INFO 5300 --- [main] org.apache.catalina.core.StandardEngine  : Starting Servlet Engine: Apache Tomcat/8.5.5
2016-09-27 12:04:44.869  INFO 5300 --- [localhost-startStop-1] org.apache.jasper.servlet.TldScanner     : At least one JAR was scanned for TLDs yet contained no TLDs. Enable debug logging for this logger for a complete list of JARs that were scanned but no TLDs were found in them. Skipping unneeded JARs during scanning can improve startup time and JSP compilation time.
2016-09-27 12:04:44.877  INFO 5300 --- [localhost-startStop-1] o.a.c.c.C.[Tomcat].[localhost].[/]       : Initializing Spring embedded WebApplicationContext
2016-09-27 12:04:44.884  INFO 5300 --- [localhost-startStop-1] o.s.web.context.ContextLoader            : Root WebApplicationContext: initialization completed in 3709 ms
2016-09-27 12:04:45.308  INFO 5300 --- [localhost-startStop-1] o.s.b.w.servlet.FilterRegistrationBean   : Mapping filter: 'characterEncodingFilter' to: [/*]
2016-09-27 12:04:45.308  INFO 5300 --- [localhost-startStop-1] o.s.b.w.servlet.FilterRegistrationBean   : Mapping filter: 'hiddenHttpMethodFilter' to: [/*]
2016-09-27 12:04:45.309  INFO 5300 --- [localhost-startStop-1] o.s.b.w.servlet.FilterRegistrationBean   : Mapping filter: 'httpPutFormContentFilter' to: [/*]
2016-09-27 12:04:45.316  INFO 5300 --- [localhost-startStop-1] o.s.b.w.servlet.FilterRegistrationBean   : Mapping filter: 'requestContextFilter' to: [/*]
2016-09-27 12:04:45.319  INFO 5300 --- [localhost-startStop-1] .s.DelegatingFilterProxyRegistrationBean : Mapping filter: 'springSecurityFilterChain' to: [/*]
2016-09-27 12:04:45.320  INFO 5300 --- [localhost-startStop-1] o.s.b.w.servlet.ServletRegistrationBean  : Mapping servlet: 'dispatcherServlet' to [/]
2016-09-27 12:04:46.028  INFO 5300 --- [main] s.w.s.m.m.a.RequestMappingHandlerAdapter : Looking for @ControllerAdvice: org.springframework.boot.context.embedded.AnnotationConfigEmbeddedWebApplicationContext@49139829: startup date [Tue Sep 27 12:04:41 CDT 2016]; root of context hierarchy
2016-09-27 12:04:46.157  INFO 5300 --- [main] s.w.s.m.m.a.RequestMappingHandlerMapping : Mapped "{[/error/{message}],methods=[GET]}" onto public java.lang.String com.mum.controller.ErrorDisplayController.setTheErrorPage(java.lang.String,org.springframework.ui.Model)
2016-09-27 12:04:46.161  INFO 5300 --- [main] s.w.s.m.m.a.RequestMappingHandlerMapping : Mapped "{[/farmerProduceList],methods=[POST]}" onto public java.lang.String com.mum.controller.FarmerProduceController.addFarmerProducePage(org.springframework.ui.Model)
2016-09-27 12:04:46.162  INFO 5300 --- [main] s.w.s.m.m.a.RequestMappingHandlerMapping : Mapped "{[/farmerProduceList],methods=[GET]}" onto public java.lang.String com.mum.controller.FarmerProduceController.getFarmerProducePage(org.springframework.ui.Model)
2016-09-27 12:04:46.169  INFO 5300 --- [main] s.w.s.m.m.a.RequestMappingHandlerMapping : Mapped "{[/login],methods=[GET]}" onto public java.lang.String com.mum.controller.HomeController.viewLogin()
2016-09-27 12:04:46.179  INFO 5300 --- [main] s.w.s.m.m.a.RequestMappingHandlerMapping : Mapped "{[/login],methods=[POST]}" onto public java.lang.String com.mum.controller.HomeController.loginUser(com.mum.model.User)
2016-09-27 12:04:46.180  INFO 5300 --- [main] s.w.s.m.m.a.RequestMappingHandlerMapping : Mapped "{[/homeI]}" onto public java.lang.String com.mum.controller.HomeController.greeting(java.lang.String,org.springframework.ui.Model)
2016-09-27 12:04:46.189  INFO 5300 --- [main] s.w.s.m.m.a.RequestMappingHandlerMapping : Mapped "{[/kitchen/delete/{id}],methods=[GET]}" onto public java.lang.String com.mum.controller.KitchenController.delete(int,org.springframework.ui.Model)
2016-09-27 12:04:46.190  INFO 5300 --- [main] s.w.s.m.m.a.RequestMappingHandlerMapping : Mapped "{[/kitchen/add],methods=[POST]}" onto public java.lang.String com.mum.controller.KitchenController.addKitchenA(java.lang.String,java.lang.String,com.mum.model.KitchenType,java.lang.String,org.springframework.web.servlet.mvc.support.RedirectAttributes)
2016-09-27 12:04:46.199  INFO 5300 --- [main] s.w.s.m.m.a.RequestMappingHandlerMapping : Mapped "{[/kitchen/list]}" onto public java.lang.String com.mum.controller.KitchenController.getAllKitchen(org.springframework.ui.Model)
2016-09-27 12:04:46.200  INFO 5300 --- [main] s.w.s.m.m.a.RequestMappingHandlerMapping : Mapped "{[/kitchen/add],methods=[GET]}" onto public java.lang.String com.mum.controller.KitchenController.addKitchen()
2016-09-27 12:04:46.201  INFO 5300 --- [main] s.w.s.m.m.a.RequestMappingHandlerMapping : Mapped "{[/kitchen/edit],methods=[POST]}" onto public java.lang.String com.mum.controller.KitchenController.edit(java.lang.String,int,java.lang.String,com.mum.model.KitchenType,java.lang.String,org.springframework.web.servlet.mvc.support.RedirectAttributes)
2016-09-27 12:04:46.202  INFO 5300 --- [main] s.w.s.m.m.a.RequestMappingHandlerMapping : Mapped "{[/kitchen/edit/{id}],methods=[GET]}" onto public java.lang.String com.mum.controller.KitchenController.edit(int,org.springframework.ui.Model)
2016-09-27 12:04:46.204  INFO 5300 --- [main] s.w.s.m.m.a.RequestMappingHandlerMapping : Mapped "{[/produceList],methods=[POST]}" onto public java.lang.String com.mum.controller.ProduceController.addProducePage(int,int)
2016-09-27 12:04:46.205  INFO 5300 --- [main] s.w.s.m.m.a.RequestMappingHandlerMapping : Mapped "{[/produceList],methods=[GET]}" onto public java.lang.String com.mum.controller.ProduceController.getProducePage(org.springframework.ui.Model)
2016-09-27 12:04:46.210  INFO 5300 --- [main] s.w.s.m.m.a.RequestMappingHandlerMapping : Mapped "{[/]}" onto public java.lang.String com.mum.controller.ScheduleFarmerProduceController.redirectRoot()
2016-09-27 12:04:46.211  INFO 5300 --- [main] s.w.s.m.m.a.RequestMappingHandlerMapping : Mapped "{[/scheduleFarmerProduceList],methods=[GET]}" onto public java.lang.String com.mum.controller.ScheduleFarmerProduceController.getScheduleFarmerProducePage(org.springframework.ui.Model)
2016-09-27 12:04:46.223  INFO 5300 --- [main] s.w.s.m.m.a.RequestMappingHandlerMapping : Mapped "{[/scheduleProduceList],methods=[GET]}" onto public java.lang.String com.mum.controller.ScheduleFarmerProduceController.getScheduleProducePage(org.springframework.ui.Model)
2016-09-27 12:04:46.225  INFO 5300 --- [main] s.w.s.m.m.a.RequestMappingHandlerMapping : Mapped "{[/scheduleProduceList],methods=[POST]}" onto public java.lang.String com.mum.controller.ScheduleFarmerProduceController.addScheduleProducePage(int,int)
2016-09-27 12:04:46.237  INFO 5300 --- [main] s.w.s.m.m.a.RequestMappingHandlerMapping : Mapped "{[/error]}" onto public org.springframework.http.ResponseEntity<java.util.Map<java.lang.String, java.lang.Object>> org.springframework.boot.autoconfigure.web.BasicErrorController.error(javax.servlet.http.HttpServletRequest)
2016-09-27 12:04:46.238  INFO 5300 --- [main] s.w.s.m.m.a.RequestMappingHandlerMapping : Mapped "{[/error],produces=[text/html]}" onto public org.springframework.web.servlet.ModelAndView org.springframework.boot.autoconfigure.web.BasicErrorController.errorHtml(javax.servlet.http.HttpServletRequest,javax.servlet.http.HttpServletResponse)
2016-09-27 12:04:46.332  INFO 5300 --- [main] o.s.w.s.handler.SimpleUrlHandlerMapping  : Mapped URL path [/webjars/**] onto handler of type [class org.springframework.web.servlet.resource.ResourceHttpRequestHandler]
2016-09-27 12:04:46.338  INFO 5300 --- [main] o.s.w.s.handler.SimpleUrlHandlerMapping  : Mapped URL path [/**] onto handler of type [class org.springframework.web.servlet.resource.ResourceHttpRequestHandler]
2016-09-27 12:04:46.461  INFO 5300 --- [main] o.s.w.s.handler.SimpleUrlHandlerMapping  : Mapped URL path [/**/favicon.ico] onto handler of type [class org.springframework.web.servlet.resource.ResourceHttpRequestHandler]
2016-09-27 12:04:46.547  INFO 5300 --- [main] oConfiguration$WelcomePageHandlerMapping : Adding welcome page: class path resource [static/index.html]
2016-09-27 12:04:47.122  INFO 5300 --- [main] o.s.s.web.DefaultSecurityFilterChain     : Creating filter chain: Ant [pattern='/css/**'], []
2016-09-27 12:04:47.130  INFO 5300 --- [main] o.s.s.web.DefaultSecurityFilterChain     : Creating filter chain: Ant [pattern='/js/**'], []
2016-09-27 12:04:47.130  INFO 5300 --- [main] o.s.s.web.DefaultSecurityFilterChain     : Creating filter chain: Ant [pattern='/images/**'], []
2016-09-27 12:04:47.130  INFO 5300 --- [main] o.s.s.web.DefaultSecurityFilterChain     : Creating filter chain: Ant [pattern='/webjars/**'], []
2016-09-27 12:04:47.137  INFO 5300 --- [main] o.s.s.web.DefaultSecurityFilterChain     : Creating filter chain: Ant [pattern='/**/favicon.ico'], []
2016-09-27 12:04:47.138  INFO 5300 --- [main] o.s.s.web.DefaultSecurityFilterChain     : Creating filter chain: Ant [pattern='/error'], []
2016-09-27 12:04:47.282  INFO 5300 --- [main] o.s.s.web.DefaultSecurityFilterChain     : Creating filter chain: org.springframework.boot.autoconfigure.security.SpringBootWebSecurityConfiguration$ApplicationNoWebSecurityConfigurerAdapter$1@1f966492, [org.springframework.security.web.context.request.async.WebAsyncManagerIntegrationFilter@63fdffcd, org.springframework.security.web.context.SecurityContextPersistenceFilter@3162743f, org.springframework.security.web.header.HeaderWriterFilter@236134a1, org.springframework.security.web.csrf.CsrfFilter@3eee3e2b, org.springframework.security.web.authentication.logout.LogoutFilter@6f3f0fae, org.springframework.security.web.savedrequest.RequestCacheAwareFilter@3047254d, org.springframework.security.web.servletapi.SecurityContextHolderAwareRequestFilter@6f0cb5a1, org.springframework.security.web.authentication.AnonymousAuthenticationFilter@7428de63, org.springframework.security.web.session.SessionManagementFilter@cc239ba, org.springframework.security.web.access.ExceptionTranslationFilter@2f61f937]
2016-09-27 12:04:47.532  INFO 5300 --- [main] o.s.j.e.a.AnnotationMBeanExporter        : Registering beans for JMX exposure on startup
2016-09-27 12:04:47.685  INFO 5300 --- [main] s.b.c.e.t.TomcatEmbeddedServletContainer : Tomcat started on port(s): 8080 (http)
2016-09-27 12:04:47.693  INFO 5300 --- [main] com.mum.EaKitchenClientApplication       : Started EaKitchenClientApplication in 7.268 seconds (JVM running for 8.122)
2016-09-27 12:06:40.002  INFO 5300 --- [http-nio-8080-exec-1] o.a.c.c.C.[Tomcat].[localhost].[/]       : Initializing Spring FrameworkServlet 'dispatcherServlet'
2016-09-27 12:06:40.003  INFO 5300 --- [http-nio-8080-exec-1] o.s.web.servlet.DispatcherServlet        : FrameworkServlet 'dispatcherServlet': initialization started
2016-09-27 12:06:40.074  INFO 5300 --- [http-nio-8080-exec-1] o.s.web.servlet.DispatcherServlet        : FrameworkServlet 'dispatcherServlet': initialization completed in 64 ms
2016-09-27 12:06:40.780  INFO 5300 --- [http-nio-8080-exec-1] com.mum.controller.ProduceController     : Method getProducePage has been called
2016-09-27 12:06:50.824  INFO 5300 --- [http-nio-8080-exec-2] com.mum.controller.ProduceController     : Method getProducePage has been called
2016-09-27 12:07:03.068  INFO 5300 --- [http-nio-8080-exec-3] com.mum.controller.ProduceController     : Method addProducePage has been called
2016-09-27 12:07:03.142  INFO 5300 --- [http-nio-8080-exec-4] c.m.controller.FarmerProduceController   : Method getFarmerProducePage has been called
2016-09-27 12:07:20.252  INFO 5300 --- [http-nio-8080-exec-5] com.mum.controller.ProduceController     : Method getProducePage has been called
2016-09-27 17:31:14.737  INFO 14096 --- [main] c.mum.config.EaKitchenClientApplication  : Starting EaKitchenClientApplication on anil with PID 14096 (E:\EAProject\EA\EA_Kitchen_Client\target\classes started by yenil in E:\EAProject\EA\EA_Kitchen_Client)
2016-09-27 17:31:14.749  INFO 14096 --- [main] c.mum.config.EaKitchenClientApplication  : No active profile set, falling back to default profiles: default
2016-09-27 17:31:15.042  INFO 14096 --- [main] ationConfigEmbeddedWebApplicationContext : Refreshing org.springframework.boot.context.embedded.AnnotationConfigEmbeddedWebApplicationContext@7f0eb4b4: startup date [Tue Sep 27 17:31:15 CDT 2016]; root of context hierarchy
2016-09-27 17:31:22.704  INFO 14096 --- [main] s.b.c.e.t.TomcatEmbeddedServletContainer : Tomcat initialized with port(s): 8080 (http)
2016-09-27 17:31:22.773  INFO 14096 --- [main] o.apache.catalina.core.StandardService   : Starting service Tomcat
2016-09-27 17:31:22.777  INFO 14096 --- [main] org.apache.catalina.core.StandardEngine  : Starting Servlet Engine: Apache Tomcat/8.5.5
2016-09-27 17:31:24.671  INFO 14096 --- [localhost-startStop-1] org.apache.jasper.servlet.TldScanner     : At least one JAR was scanned for TLDs yet contained no TLDs. Enable debug logging for this logger for a complete list of JARs that were scanned but no TLDs were found in them. Skipping unneeded JARs during scanning can improve startup time and JSP compilation time.
2016-09-27 17:31:24.696  INFO 14096 --- [localhost-startStop-1] o.a.c.c.C.[Tomcat].[localhost].[/]       : Initializing Spring embedded WebApplicationContext
2016-09-27 17:31:24.697  INFO 14096 --- [localhost-startStop-1] o.s.web.context.ContextLoader            : Root WebApplicationContext: initialization completed in 9666 ms
2016-09-27 17:31:25.671  INFO 14096 --- [localhost-startStop-1] o.s.b.w.servlet.ServletRegistrationBean  : Mapping servlet: 'dispatcherServlet' to [/]
2016-09-27 17:31:25.682  INFO 14096 --- [localhost-startStop-1] o.s.b.w.servlet.FilterRegistrationBean   : Mapping filter: 'characterEncodingFilter' to: [/*]
2016-09-27 17:31:25.683  INFO 14096 --- [localhost-startStop-1] o.s.b.w.servlet.FilterRegistrationBean   : Mapping filter: 'hiddenHttpMethodFilter' to: [/*]
2016-09-27 17:31:25.685  INFO 14096 --- [localhost-startStop-1] o.s.b.w.servlet.FilterRegistrationBean   : Mapping filter: 'httpPutFormContentFilter' to: [/*]
2016-09-27 17:31:25.686  INFO 14096 --- [localhost-startStop-1] o.s.b.w.servlet.FilterRegistrationBean   : Mapping filter: 'requestContextFilter' to: [/*]
2016-09-27 17:31:28.767  INFO 14096 --- [main] s.w.s.m.m.a.RequestMappingHandlerAdapter : Looking for @ControllerAdvice: org.springframework.boot.context.embedded.AnnotationConfigEmbeddedWebApplicationContext@7f0eb4b4: startup date [Tue Sep 27 17:31:15 CDT 2016]; root of context hierarchy
2016-09-27 17:31:29.168  INFO 14096 --- [main] s.w.s.m.m.a.RequestMappingHandlerMapping : Mapped "{[/addFoodToSchedule/{scheduleId}],methods=[GET]}" onto public java.lang.String com.mum.controller.AddFoodToScheduleController.getAddedFoodSchedule(int,org.springframework.ui.Model,javax.servlet.http.HttpSession)
2016-09-27 17:31:29.177  INFO 14096 --- [main] s.w.s.m.m.a.RequestMappingHandlerMapping : Mapped "{[/addFoodToSchedule/{scheduleId}],methods=[POST]}" onto public java.lang.String com.mum.controller.AddFoodToScheduleController.postFoodSchedule(int,java.lang.String[],java.lang.String[],org.springframework.ui.Model,javax.servlet.http.HttpSession)
2016-09-27 17:31:29.191  INFO 14096 --- [main] s.w.s.m.m.a.RequestMappingHandlerMapping : Mapped "{[/checkAvailability]}" onto public void com.mum.controller.CustomerController.checkAvailability(int,java.util.Date)
2016-09-27 17:31:29.192  INFO 14096 --- [main] s.w.s.m.m.a.RequestMappingHandlerMapping : Mapped "{[/saveschedulekitchen],methods=[POST]}" onto public java.lang.String com.mum.controller.CustomerController.saveschedulekitchen(com.mum.model.Schedule,org.springframework.validation.BindingResult,javax.servlet.http.HttpSession,org.springframework.web.servlet.mvc.support.RedirectAttributes)
2016-09-27 17:31:29.195  INFO 14096 --- [main] s.w.s.m.m.a.RequestMappingHandlerMapping : Mapped "{[/scheduleList],methods=[GET]}" onto public org.springframework.web.servlet.ModelAndView com.mum.controller.CustomerController.scheduleList(javax.servlet.http.HttpSession)
2016-09-27 17:31:29.197  INFO 14096 --- [main] s.w.s.m.m.a.RequestMappingHandlerMapping : Mapped "{[/schedulekitchen],methods=[POST]}" onto public org.springframework.web.servlet.ModelAndView com.mum.controller.CustomerController.schedulekitchen(int,javax.servlet.http.HttpSession)
2016-09-27 17:31:29.199  INFO 14096 --- [main] s.w.s.m.m.a.RequestMappingHandlerMapping : Mapped "{[/customer]}" onto public java.lang.String com.mum.controller.CustomerController.CustomerMainPage()
2016-09-27 17:31:29.200  INFO 14096 --- [main] s.w.s.m.m.a.RequestMappingHandlerMapping : Mapped "{[/searchKitchen],methods=[GET]}" onto public org.springframework.web.servlet.ModelAndView com.mum.controller.CustomerController.searchKitchen(java.lang.String,javax.servlet.http.HttpSession)
2016-09-27 17:31:29.201  INFO 14096 --- [main] s.w.s.m.m.a.RequestMappingHandlerMapping : Mapped "{[/availableKitchen]}" onto public java.lang.String com.mum.controller.CustomerController.availableKitchen(com.mum.model.Address)
2016-09-27 17:31:29.205  INFO 14096 --- [main] s.w.s.m.m.a.RequestMappingHandlerMapping : Mapped "{[/error/{message}],methods=[GET]}" onto public java.lang.String com.mum.controller.ErrorDisplayController.setTheErrorPage(java.lang.String,org.springframework.ui.Model)
2016-09-27 17:31:29.208  INFO 14096 --- [main] s.w.s.m.m.a.RequestMappingHandlerMapping : Mapped "{[/farmerProduceList],methods=[POST]}" onto public java.lang.String com.mum.controller.FarmerProduceController.addFarmerProducePage(org.springframework.ui.Model)
2016-09-27 17:31:29.214  INFO 14096 --- [main] s.w.s.m.m.a.RequestMappingHandlerMapping : Mapped "{[/farmerProduceList],methods=[GET]}" onto public java.lang.String com.mum.controller.FarmerProduceController.getFarmerProducePage(org.springframework.ui.Model)
2016-09-27 17:31:29.236  INFO 14096 --- [main] s.w.s.m.m.a.RequestMappingHandlerMapping : Mapped "{[/]}" onto public java.lang.String com.mum.controller.HomeController.home()
2016-09-27 17:31:29.239  INFO 14096 --- [main] s.w.s.m.m.a.RequestMappingHandlerMapping : Mapped "{[/login],methods=[GET]}" onto public java.lang.String com.mum.controller.HomeController.viewLogin()
2016-09-27 17:31:29.249  INFO 14096 --- [main] s.w.s.m.m.a.RequestMappingHandlerMapping : Mapped "{[/login],methods=[POST]}" onto public org.springframework.web.servlet.ModelAndView com.mum.controller.HomeController.loginUser(com.mum.model.User,javax.servlet.http.HttpSession)
2016-09-27 17:31:29.256  INFO 14096 --- [main] s.w.s.m.m.a.RequestMappingHandlerMapping : Mapped "{[/homeI]}" onto public java.lang.String com.mum.controller.HomeController.greeting(java.lang.String,org.springframework.ui.Model)
2016-09-27 17:31:29.284  INFO 14096 --- [main] s.w.s.m.m.a.RequestMappingHandlerMapping : Mapped "{[/kitchen/delete/{id}],methods=[GET]}" onto public java.lang.String com.mum.controller.KitchenController.delete(int,org.springframework.ui.Model)
2016-09-27 17:31:29.290  INFO 14096 --- [main] s.w.s.m.m.a.RequestMappingHandlerMapping : Mapped "{[/kitchen/edit/{id}],methods=[GET]}" onto public java.lang.String com.mum.controller.KitchenController.edit(int,org.springframework.ui.Model)
2016-09-27 17:31:29.292  INFO 14096 --- [main] s.w.s.m.m.a.RequestMappingHandlerMapping : Mapped "{[/kitchen/edit],methods=[POST]}" onto public java.lang.String com.mum.controller.KitchenController.edit(java.lang.String,int,java.lang.String,com.mum.model.KitchenType,java.lang.String,org.springframework.web.servlet.mvc.support.RedirectAttributes)
2016-09-27 17:31:29.293  INFO 14096 --- [main] s.w.s.m.m.a.RequestMappingHandlerMapping : Mapped "{[/kitchen/add],methods=[GET]}" onto public java.lang.String com.mum.controller.KitchenController.addKitchen()
2016-09-27 17:31:29.305  INFO 14096 --- [main] s.w.s.m.m.a.RequestMappingHandlerMapping : Mapped "{[/kitchen/add],methods=[POST]}" onto public java.lang.String com.mum.controller.KitchenController.addKitchenA(java.lang.String,java.lang.String,com.mum.model.KitchenType,java.lang.String,org.springframework.web.servlet.mvc.support.RedirectAttributes)
2016-09-27 17:31:29.312  INFO 14096 --- [main] s.w.s.m.m.a.RequestMappingHandlerMapping : Mapped "{[/kitchen/list]}" onto public java.lang.String com.mum.controller.KitchenController.getAllKitchen(org.springframework.ui.Model)
2016-09-27 17:31:29.321  INFO 14096 --- [main] s.w.s.m.m.a.RequestMappingHandlerMapping : Mapped "{[/produceList],methods=[GET]}" onto public java.lang.String com.mum.controller.ProduceController.getProducePage(org.springframework.ui.Model)
2016-09-27 17:31:29.326  INFO 14096 --- [main] s.w.s.m.m.a.RequestMappingHandlerMapping : Mapped "{[/produceList],methods=[POST]}" onto public java.lang.String com.mum.controller.ProduceController.addProducePage(int,int)
2016-09-27 17:31:29.347  INFO 14096 --- [main] s.w.s.m.m.a.RequestMappingHandlerMapping : Mapped "{[/scheduleProduceList],methods=[POST]}" onto public java.lang.String com.mum.controller.ScheduleFarmerProduceController.addScheduleProducePage(int,int)
2016-09-27 17:31:29.349  INFO 14096 --- [main] s.w.s.m.m.a.RequestMappingHandlerMapping : Mapped "{[/scheduleProduceList],methods=[GET]}" onto public java.lang.String com.mum.controller.ScheduleFarmerProduceController.getScheduleProducePage(org.springframework.ui.Model)
2016-09-27 17:31:29.355  INFO 14096 --- [main] s.w.s.m.m.a.RequestMappingHandlerMapping : Mapped "{[/scheduleFarmerProduceList],methods=[GET]}" onto public java.lang.String com.mum.controller.ScheduleFarmerProduceController.getScheduleFarmerProducePage(org.springframework.ui.Model)
2016-09-27 17:31:29.358  INFO 14096 --- [main] s.w.s.m.m.a.RequestMappingHandlerMapping : Mapped "{[/scheduleProduceList]}" onto public java.lang.String com.mum.controller.ScheduleFarmerProduceController.redirectRoot()
2016-09-27 17:31:29.375  INFO 14096 --- [main] s.w.s.m.m.a.RequestMappingHandlerMapping : Mapped "{[/error]}" onto public org.springframework.http.ResponseEntity<java.util.Map<java.lang.String, java.lang.Object>> org.springframework.boot.autoconfigure.web.BasicErrorController.error(javax.servlet.http.HttpServletRequest)
2016-09-27 17:31:29.376  INFO 14096 --- [main] s.w.s.m.m.a.RequestMappingHandlerMapping : Mapped "{[/error],produces=[text/html]}" onto public org.springframework.web.servlet.ModelAndView org.springframework.boot.autoconfigure.web.BasicErrorController.errorHtml(javax.servlet.http.HttpServletRequest,javax.servlet.http.HttpServletResponse)
2016-09-27 17:31:29.841  INFO 14096 --- [main] o.s.w.s.handler.SimpleUrlHandlerMapping  : Mapped URL path [/webjars/**] onto handler of type [class org.springframework.web.servlet.resource.ResourceHttpRequestHandler]
2016-09-27 17:31:29.842  INFO 14096 --- [main] o.s.w.s.handler.SimpleUrlHandlerMapping  : Mapped URL path [/**] onto handler of type [class org.springframework.web.servlet.resource.ResourceHttpRequestHandler]
2016-09-27 17:31:30.131  INFO 14096 --- [main] o.s.w.s.handler.SimpleUrlHandlerMapping  : Mapped URL path [/**/favicon.ico] onto handler of type [class org.springframework.web.servlet.resource.ResourceHttpRequestHandler]
2016-09-27 17:31:30.500  INFO 14096 --- [main] oConfiguration$WelcomePageHandlerMapping : Adding welcome page: class path resource [static/index.html]
2016-09-27 17:31:31.895  INFO 14096 --- [main] o.s.j.e.a.AnnotationMBeanExporter        : Registering beans for JMX exposure on startup
2016-09-27 17:31:32.464  INFO 14096 --- [main] s.b.c.e.t.TomcatEmbeddedServletContainer : Tomcat started on port(s): 8080 (http)
2016-09-27 17:31:32.500  INFO 14096 --- [main] c.mum.config.EaKitchenClientApplication  : Started EaKitchenClientApplication in 19.483 seconds (JVM running for 21.496)
2016-09-27 17:32:21.154  INFO 14096 --- [http-nio-8080-exec-1] o.a.c.c.C.[Tomcat].[localhost].[/]       : Initializing Spring FrameworkServlet 'dispatcherServlet'
2016-09-27 17:32:21.155  INFO 14096 --- [http-nio-8080-exec-1] o.s.web.servlet.DispatcherServlet        : FrameworkServlet 'dispatcherServlet': initialization started
2016-09-27 17:32:21.289  INFO 14096 --- [http-nio-8080-exec-1] o.s.web.servlet.DispatcherServlet        : FrameworkServlet 'dispatcherServlet': initialization completed in 133 ms
2016-09-27 17:36:03.268  WARN 14096 --- [http-nio-8080-exec-2] o.s.web.servlet.PageNotFound             : Request method 'GET' not supported
